+ for trainer in "Reg_MT" "CR_MT"
+ '[' Reg_MT == CR_MT ']'
+ model=AstigConv5D
+ run_dataset_with_multilabel Reg_MT AstigConv5D
+ local trainer=Reg_MT
+ local model=AstigConv5D
+ wait
+ ./train.py -m AstigConv5D -d Dataset_5cv_with_multilabel_1 -f dat -g 0 -r 8 -t Reg_MT -n 100 -l 0.001 -b 4096 -w '[1,1,8,8,5,5,1,1]'
+ ./train.py -m AstigConv5D -d Dataset_5cv_with_multilabel_2 -f dat -g 1 -r 8 -t Reg_MT -n 100 -l 0.001 -b 4096 -w '[1,1,8,8,5,5,1,1]'
+ ./train.py -m AstigConv5D -d Dataset_5cv_with_multilabel_3 -f dat -g 2 -r 8 -t Reg_MT -n 100 -l 0.001 -b 4096 -w '[1,1,8,8,5,5,1,1]'
+ ./train.py -m AstigConv5D -d Dataset_5cv_with_multilabel_4 -f dat -g 3 -r 8 -t Reg_MT -n 100 -l 0.001 -b 4096 -w '[1,1,8,8,5,5,1,1]'
+ ./train.py -m AstigConv5D -d Dataset_5cv_with_multilabel_5 -f dat -g 4 -r 8 -t Reg_MT -n 100 -l 0.001 -b 4096 -w '[1,1,8,8,5,5,1,1]'
2023-12-10 10:27:47.514661 Create directory /isdata/alab/people/pcr980/DeepCompare/Models/AstigConv5D_Dataset_5cv_with_multilabel_4_dat_Reg_MT

2023-12-10 18:54:57.083323 Succeed with ./train.py -m AstigConv5D -d Dataset_5cv_with_multilabel_4 -f dat -g 3 -r 8 -t Reg_MT -n 100 -l 0.001 -b 4096 -w [1,1,8,8,5,5,1,1]
2023-12-10 10:27:47.516741 Create directory /isdata/alab/people/pcr980/DeepCompare/Models/AstigConv5D_Dataset_5cv_with_multilabel_5_dat_Reg_MT

2023-12-10 19:01:56.152507 Succeed with ./train.py -m AstigConv5D -d Dataset_5cv_with_multilabel_5 -f dat -g 4 -r 8 -t Reg_MT -n 100 -l 0.001 -b 4096 -w [1,1,8,8,5,5,1,1]
2023-12-10 10:27:47.534337 Create directory /isdata/alab/people/pcr980/DeepCompare/Models/AstigConv5D_Dataset_5cv_with_multilabel_3_dat_Reg_MT

2023-12-10 19:04:37.441802 Succeed with ./train.py -m AstigConv5D -d Dataset_5cv_with_multilabel_3 -f dat -g 2 -r 8 -t Reg_MT -n 100 -l 0.001 -b 4096 -w [1,1,8,8,5,5,1,1]
2023-12-10 10:27:47.515765 Create directory /isdata/alab/people/pcr980/DeepCompare/Models/AstigConv5D_Dataset_5cv_with_multilabel_2_dat_Reg_MT

2023-12-10 19:04:37.847077 Succeed with ./train.py -m AstigConv5D -d Dataset_5cv_with_multilabel_2 -f dat -g 1 -r 8 -t Reg_MT -n 100 -l 0.001 -b 4096 -w [1,1,8,8,5,5,1,1]
2023-12-10 10:27:47.533463 Create directory /isdata/alab/people/pcr980/DeepCompare/Models/AstigConv5D_Dataset_5cv_with_multilabel_1_dat_Reg_MT

2023-12-10 19:07:24.888515 Succeed with ./train.py -m AstigConv5D -d Dataset_5cv_with_multilabel_1 -f dat -g 0 -r 8 -t Reg_MT -n 100 -l 0.001 -b 4096 -w [1,1,8,8,5,5,1,1]
+ run_dataset_without_multilabel Reg_MT AstigConv5D
+ local trainer=Reg_MT
+ local model=AstigConv5D
+ ./train.py -m AstigConv5D -d Dataset_5cv_without_multilabel_1 -f dat -g 0 -r 8 -t Reg_MT -n 100 -l 0.001 -b 4096 -w '[1,1,8,8,5,5,1,1]'
+ ./train.py -m AstigConv5D -d Dataset_5cv_without_multilabel_2 -f dat -g 1 -r 8 -t Reg_MT -n 100 -l 0.001 -b 4096 -w '[1,1,8,8,5,5,1,1]'
+ wait
+ ./train.py -m AstigConv5D -d Dataset_5cv_without_multilabel_3 -f dat -g 2 -r 8 -t Reg_MT -n 100 -l 0.001 -b 4096 -w '[1,1,8,8,5,5,1,1]'
+ ./train.py -m AstigConv5D -d Dataset_5cv_without_multilabel_4 -f dat -g 3 -r 8 -t Reg_MT -n 100 -l 0.001 -b 4096 -w '[1,1,8,8,5,5,1,1]'
+ ./train.py -m AstigConv5D -d Dataset_5cv_without_multilabel_5 -f dat -g 4 -r 8 -t Reg_MT -n 100 -l 0.001 -b 4096 -w '[1,1,8,8,5,5,1,1]'
2023-12-10 19:07:26.878618 Create directory /isdata/alab/people/pcr980/DeepCompare/Models/AstigConv5D_Dataset_5cv_without_multilabel_1_dat_Reg_MT

2023-12-11 03:13:07.443343 Succeed with ./train.py -m AstigConv5D -d Dataset_5cv_without_multilabel_1 -f dat -g 0 -r 8 -t Reg_MT -n 100 -l 0.001 -b 4096 -w [1,1,8,8,5,5,1,1]
2023-12-10 19:07:26.874058 Create directory /isdata/alab/people/pcr980/DeepCompare/Models/AstigConv5D_Dataset_5cv_without_multilabel_4_dat_Reg_MT

2023-12-11 03:13:24.840322 Succeed with ./train.py -m AstigConv5D -d Dataset_5cv_without_multilabel_4 -f dat -g 3 -r 8 -t Reg_MT -n 100 -l 0.001 -b 4096 -w [1,1,8,8,5,5,1,1]
2023-12-10 19:07:26.872200 Create directory /isdata/alab/people/pcr980/DeepCompare/Models/AstigConv5D_Dataset_5cv_without_multilabel_3_dat_Reg_MT

2023-12-11 03:20:17.163813 Succeed with ./train.py -m AstigConv5D -d Dataset_5cv_without_multilabel_3 -f dat -g 2 -r 8 -t Reg_MT -n 100 -l 0.001 -b 4096 -w [1,1,8,8,5,5,1,1]
2023-12-10 19:07:26.871399 Create directory /isdata/alab/people/pcr980/DeepCompare/Models/AstigConv5D_Dataset_5cv_without_multilabel_2_dat_Reg_MT

2023-12-11 03:21:41.250167 Succeed with ./train.py -m AstigConv5D -d Dataset_5cv_without_multilabel_2 -f dat -g 1 -r 8 -t Reg_MT -n 100 -l 0.001 -b 4096 -w [1,1,8,8,5,5,1,1]
2023-12-10 19:07:26.873148 Create directory /isdata/alab/people/pcr980/DeepCompare/Models/AstigConv5D_Dataset_5cv_without_multilabel_5_dat_Reg_MT

2023-12-11 03:24:46.889074 Succeed with ./train.py -m AstigConv5D -d Dataset_5cv_without_multilabel_5 -f dat -g 4 -r 8 -t Reg_MT -n 100 -l 0.001 -b 4096 -w [1,1,8,8,5,5,1,1]
+ run_regression
+ ./train.py -m AstigConv5D -d Dataset_5cv_loose_1 -f dat -g 0 -r 8 -t Reg_MT -n 100 -l 0.001 -b 4096 -w '[1,1,8,8,5,5,1,1]'
+ ./train.py -m AstigConv5D -d Dataset_5cv_loose_2 -f dat -g 1 -r 8 -t Reg_MT -n 100 -l 0.001 -b 4096 -w '[1,1,8,8,5,5,1,1]'
+ ./train.py -m AstigConv5D -d Dataset_5cv_loose_3 -f dat -g 2 -r 8 -t Reg_MT -n 100 -l 0.001 -b 4096 -w '[1,1,8,8,5,5,1,1]'
+ wait
+ ./train.py -m AstigConv5D -d Dataset_5cv_loose_4 -f dat -g 3 -r 8 -t Reg_MT -n 100 -l 0.001 -b 4096 -w '[1,1,8,8,5,5,1,1]'
+ ./train.py -m AstigConv5D -d Dataset_5cv_loose_5 -f dat -g 4 -r 8 -t Reg_MT -n 100 -l 0.001 -b 4096 -w '[1,1,8,8,5,5,1,1]'
